<?xml version="1.0" encoding="UTF-8"?>
<testng-results ignored="0" total="1" passed="1" failed="0" skipped="0">
  <reporter-output>
  </reporter-output>
  <suite started-at="2024-06-17T15:04:46 IST" name="Suite" finished-at="2024-06-17T15:05:15 IST" duration-ms="29019">
    <groups>
    </groups>
    <test started-at="2024-06-17T15:04:46 IST" name="Test" finished-at="2024-06-17T15:05:15 IST" duration-ms="29019">
      <class name="browserStackIntegration.BrowserStackTest">
        <test-method signature="loadBrowser()[pri:0, instance:browserStackIntegration.BrowserStackTest@74a6f9c1]" started-at="2024-06-17T15:04:46 IST" name="loadBrowser" finished-at="2024-06-17T15:05:15 IST" duration-ms="28927" status="PASS">
          <reporter-output>
          </reporter-output>
        </test-method> <!-- loadBrowser -->
      </class> <!-- browserStackIntegration.BrowserStackTest -->
    </test> <!-- Test -->
  </suite> <!-- Suite -->
</testng-results>
